[2022.11.08 11:37:59] INFO Watching for file changes with StatReloader
[2022.11.08 11:37:59] INFO Watching for file changes with StatReloader
[2022.11.08 11:38:05] INFO E:\11_PROGRAMMING\Python\synergy\Django\PROJECT\Forum\forum_prj\urls.py changed, reloading.
[2022.11.08 11:38:05] INFO E:\11_PROGRAMMING\Python\synergy\Django\PROJECT\Forum\forum_prj\urls.py changed, reloading.
[2022.11.08 11:38:06] INFO Watching for file changes with StatReloader
[2022.11.08 11:38:06] INFO Watching for file changes with StatReloader
[2022.11.08 11:38:30] INFO Watching for file changes with StatReloader
[2022.11.08 11:39:31] INFO "GET / HTTP/1.1" 200 16098
[2022.11.08 11:39:39] INFO "GET / HTTP/1.1" 200 16098
[2022.11.08 11:43:39] INFO E:\11_PROGRAMMING\Python\synergy\Django\PROJECT\Forum\api\views.py changed, reloading.
[2022.11.08 11:43:39] INFO E:\11_PROGRAMMING\Python\synergy\Django\PROJECT\Forum\api\views.py changed, reloading.
[2022.11.08 11:43:39] INFO Watching for file changes with StatReloader
[2022.11.08 11:43:39] INFO Watching for file changes with StatReloader
[2022.11.08 11:43:40] INFO E:\11_PROGRAMMING\Python\synergy\Django\PROJECT\Forum\api\views.py changed, reloading.
[2022.11.08 11:43:40] INFO Watching for file changes with StatReloader
[2022.11.08 11:45:16] INFO "GET / HTTP/1.1" 200 16098
[2022.11.08 11:46:59] INFO E:\11_PROGRAMMING\Python\synergy\Django\PROJECT\Forum\api\views.py changed, reloading.
[2022.11.08 11:46:59] INFO E:\11_PROGRAMMING\Python\synergy\Django\PROJECT\Forum\api\views.py changed, reloading.
[2022.11.08 11:46:59] INFO Watching for file changes with StatReloader
[2022.11.08 11:47:00] INFO E:\11_PROGRAMMING\Python\synergy\Django\PROJECT\Forum\api\views.py changed, reloading.
[2022.11.08 11:47:00] INFO Watching for file changes with StatReloader
[2022.11.08 11:47:00] INFO Watching for file changes with StatReloader
[2022.11.08 12:34:15] INFO E:\11_PROGRAMMING\Python\synergy\Django\PROJECT\Forum\api\utils.py changed, reloading.
[2022.11.08 12:34:15] INFO E:\11_PROGRAMMING\Python\synergy\Django\PROJECT\Forum\api\utils.py changed, reloading.
[2022.11.08 12:34:15] INFO E:\11_PROGRAMMING\Python\synergy\Django\PROJECT\Forum\api\utils.py changed, reloading.
[2022.11.08 12:34:15] INFO Watching for file changes with StatReloader
[2022.11.08 12:34:16] INFO Watching for file changes with StatReloader
[2022.11.08 12:34:16] INFO Watching for file changes with StatReloader
[2022.11.08 12:34:18] INFO E:\11_PROGRAMMING\Python\synergy\Django\PROJECT\Forum\api\urls.py changed, reloading.
[2022.11.08 12:34:19] INFO E:\11_PROGRAMMING\Python\synergy\Django\PROJECT\Forum\api\urls.py changed, reloading.
[2022.11.08 12:34:19] INFO Watching for file changes with StatReloader
[2022.11.08 12:34:19] INFO Watching for file changes with StatReloader
[2022.11.08 12:34:19] INFO E:\11_PROGRAMMING\Python\synergy\Django\PROJECT\Forum\api\urls.py changed, reloading.
[2022.11.08 12:34:20] INFO Watching for file changes with StatReloader
[2022.11.08 12:34:26] INFO E:\11_PROGRAMMING\Python\synergy\Django\PROJECT\Forum\forum_prj\settings.py changed, reloading.
[2022.11.08 12:34:26] INFO E:\11_PROGRAMMING\Python\synergy\Django\PROJECT\Forum\forum_prj\settings.py changed, reloading.
[2022.11.08 12:34:26] INFO E:\11_PROGRAMMING\Python\synergy\Django\PROJECT\Forum\forum_prj\settings.py changed, reloading.
[2022.11.08 12:34:26] INFO Watching for file changes with StatReloader
[2022.11.08 12:34:27] INFO Watching for file changes with StatReloader
[2022.11.08 12:34:27] INFO Watching for file changes with StatReloader
[2022.11.08 12:34:30] INFO E:\11_PROGRAMMING\Python\synergy\Django\PROJECT\Forum\forum_prj\urls.py changed, reloading.
[2022.11.08 12:34:30] INFO E:\11_PROGRAMMING\Python\synergy\Django\PROJECT\Forum\forum_prj\urls.py changed, reloading.
[2022.11.08 12:34:30] INFO E:\11_PROGRAMMING\Python\synergy\Django\PROJECT\Forum\forum_prj\urls.py changed, reloading.
[2022.11.08 12:34:30] INFO Watching for file changes with StatReloader
[2022.11.08 12:34:30] INFO Watching for file changes with StatReloader
[2022.11.08 12:34:31] INFO Watching for file changes with StatReloader
[2022.11.08 12:34:44] INFO E:\11_PROGRAMMING\Python\synergy\Django\PROJECT\Forum\api\views.py changed, reloading.
[2022.11.08 12:34:44] INFO Watching for file changes with StatReloader
[2022.11.08 12:34:45] INFO E:\11_PROGRAMMING\Python\synergy\Django\PROJECT\Forum\api\views.py changed, reloading.
[2022.11.08 12:34:45] INFO E:\11_PROGRAMMING\Python\synergy\Django\PROJECT\Forum\api\views.py changed, reloading.
[2022.11.08 12:34:45] INFO Watching for file changes with StatReloader
[2022.11.08 12:34:45] INFO Watching for file changes with StatReloader
[2022.11.08 12:36:46] INFO E:\11_PROGRAMMING\Python\synergy\Django\PROJECT\Forum\forum_prj\settings.py changed, reloading.
[2022.11.08 12:36:46] INFO E:\11_PROGRAMMING\Python\synergy\Django\PROJECT\Forum\forum_prj\settings.py changed, reloading.
[2022.11.08 12:36:46] INFO E:\11_PROGRAMMING\Python\synergy\Django\PROJECT\Forum\forum_prj\settings.py changed, reloading.
[2022.11.08 12:36:46] INFO Watching for file changes with StatReloader
[2022.11.08 12:36:46] INFO Watching for file changes with StatReloader
[2022.11.08 12:36:47] INFO Watching for file changes with StatReloader
[2022.11.08 13:19:11] INFO E:\11_PROGRAMMING\Python\synergy\Django\PROJECT\Forum\api\views.py changed, reloading.
[2022.11.08 13:19:11] INFO E:\11_PROGRAMMING\Python\synergy\Django\PROJECT\Forum\api\views.py changed, reloading.
[2022.11.08 13:19:11] INFO E:\11_PROGRAMMING\Python\synergy\Django\PROJECT\Forum\api\views.py changed, reloading.
[2022.11.08 13:19:11] INFO Watching for file changes with StatReloader
[2022.11.08 13:19:11] INFO Watching for file changes with StatReloader
[2022.11.08 13:19:11] INFO Watching for file changes with StatReloader
[2022.11.08 13:22:59] ERROR Internal Server Error: /api/checkbox/
Traceback (most recent call last):
  File "E:\11_PROGRAMMING\Python\synergy\Django\PROJECT\Forum\venv\lib\site-packages\django\core\handlers\exception.py", line 55, in inner
    response = get_response(request)
  File "E:\11_PROGRAMMING\Python\synergy\Django\PROJECT\Forum\venv\lib\site-packages\django\core\handlers\base.py", line 197, in _get_response
    response = wrapped_callback(request, *callback_args, **callback_kwargs)
  File "E:\11_PROGRAMMING\Python\synergy\Django\PROJECT\Forum\venv\lib\site-packages\django\views\decorators\csrf.py", line 54, in wrapped_view
    return view_func(*args, **kwargs)
  File "E:\11_PROGRAMMING\Python\synergy\Django\PROJECT\Forum\venv\lib\site-packages\rest_framework\viewsets.py", line 125, in view
    return self.dispatch(request, *args, **kwargs)
  File "E:\11_PROGRAMMING\Python\synergy\Django\PROJECT\Forum\venv\lib\site-packages\rest_framework\views.py", line 509, in dispatch
    response = self.handle_exception(exc)
  File "E:\11_PROGRAMMING\Python\synergy\Django\PROJECT\Forum\venv\lib\site-packages\rest_framework\views.py", line 469, in handle_exception
    self.raise_uncaught_exception(exc)
  File "E:\11_PROGRAMMING\Python\synergy\Django\PROJECT\Forum\venv\lib\site-packages\rest_framework\views.py", line 480, in raise_uncaught_exception
    raise exc
  File "E:\11_PROGRAMMING\Python\synergy\Django\PROJECT\Forum\venv\lib\site-packages\rest_framework\views.py", line 506, in dispatch
    response = handler(request, *args, **kwargs)
  File "E:\11_PROGRAMMING\Python\synergy\Django\PROJECT\Forum\venv\lib\site-packages\rest_framework\mixins.py", line 20, in create
    headers = self.get_success_headers(serializer.data)
  File "E:\11_PROGRAMMING\Python\synergy\Django\PROJECT\Forum\venv\lib\site-packages\rest_framework\serializers.py", line 555, in data
    ret = super().data
  File "E:\11_PROGRAMMING\Python\synergy\Django\PROJECT\Forum\venv\lib\site-packages\rest_framework\serializers.py", line 253, in data
    self._data = self.to_representation(self.instance)
  File "E:\11_PROGRAMMING\Python\synergy\Django\PROJECT\Forum\venv\lib\site-packages\rest_framework\serializers.py", line 522, in to_representation
    ret[field.field_name] = field.to_representation(attribute)
  File "E:\11_PROGRAMMING\Python\synergy\Django\PROJECT\Forum\venv\lib\site-packages\rest_framework\fields.py", line 1837, in to_representation
    method = getattr(self.parent, self.method_name)
AttributeError: 'CheckboxSerializer' object has no attribute 'get_title'
[2022.11.08 13:22:59] ERROR Internal Server Error: /api/checkbox/
Traceback (most recent call last):
  File "E:\11_PROGRAMMING\Python\synergy\Django\PROJECT\Forum\venv\lib\site-packages\django\core\handlers\exception.py", line 55, in inner
    response = get_response(request)
  File "E:\11_PROGRAMMING\Python\synergy\Django\PROJECT\Forum\venv\lib\site-packages\django\core\handlers\base.py", line 197, in _get_response
    response = wrapped_callback(request, *callback_args, **callback_kwargs)
  File "E:\11_PROGRAMMING\Python\synergy\Django\PROJECT\Forum\venv\lib\site-packages\django\views\decorators\csrf.py", line 54, in wrapped_view
    return view_func(*args, **kwargs)
  File "E:\11_PROGRAMMING\Python\synergy\Django\PROJECT\Forum\venv\lib\site-packages\rest_framework\viewsets.py", line 125, in view
    return self.dispatch(request, *args, **kwargs)
  File "E:\11_PROGRAMMING\Python\synergy\Django\PROJECT\Forum\venv\lib\site-packages\rest_framework\views.py", line 509, in dispatch
    response = self.handle_exception(exc)
  File "E:\11_PROGRAMMING\Python\synergy\Django\PROJECT\Forum\venv\lib\site-packages\rest_framework\views.py", line 469, in handle_exception
    self.raise_uncaught_exception(exc)
  File "E:\11_PROGRAMMING\Python\synergy\Django\PROJECT\Forum\venv\lib\site-packages\rest_framework\views.py", line 480, in raise_uncaught_exception
    raise exc
  File "E:\11_PROGRAMMING\Python\synergy\Django\PROJECT\Forum\venv\lib\site-packages\rest_framework\views.py", line 506, in dispatch
    response = handler(request, *args, **kwargs)
  File "E:\11_PROGRAMMING\Python\synergy\Django\PROJECT\Forum\venv\lib\site-packages\rest_framework\mixins.py", line 46, in list
    return Response(serializer.data)
  File "E:\11_PROGRAMMING\Python\synergy\Django\PROJECT\Forum\venv\lib\site-packages\rest_framework\serializers.py", line 768, in data
    ret = super().data
  File "E:\11_PROGRAMMING\Python\synergy\Django\PROJECT\Forum\venv\lib\site-packages\rest_framework\serializers.py", line 253, in data
    self._data = self.to_representation(self.instance)
  File "E:\11_PROGRAMMING\Python\synergy\Django\PROJECT\Forum\venv\lib\site-packages\rest_framework\serializers.py", line 686, in to_representation
    return [
  File "E:\11_PROGRAMMING\Python\synergy\Django\PROJECT\Forum\venv\lib\site-packages\rest_framework\serializers.py", line 687, in <listcomp>
    self.child.to_representation(item) for item in iterable
  File "E:\11_PROGRAMMING\Python\synergy\Django\PROJECT\Forum\venv\lib\site-packages\rest_framework\serializers.py", line 522, in to_representation
    ret[field.field_name] = field.to_representation(attribute)
  File "E:\11_PROGRAMMING\Python\synergy\Django\PROJECT\Forum\venv\lib\site-packages\rest_framework\fields.py", line 1837, in to_representation
    method = getattr(self.parent, self.method_name)
AttributeError: 'CheckboxSerializer' object has no attribute 'get_title'
[2022.11.08 13:24:51] INFO E:\11_PROGRAMMING\Python\synergy\Django\PROJECT\Forum\api\serializers.py changed, reloading.
[2022.11.08 13:24:52] INFO E:\11_PROGRAMMING\Python\synergy\Django\PROJECT\Forum\api\serializers.py changed, reloading.
[2022.11.08 13:24:52] INFO E:\11_PROGRAMMING\Python\synergy\Django\PROJECT\Forum\api\serializers.py changed, reloading.
[2022.11.08 13:24:52] INFO Watching for file changes with StatReloader
[2022.11.08 13:24:52] INFO Watching for file changes with StatReloader
[2022.11.08 13:24:52] INFO Watching for file changes with StatReloader
[2022.11.08 13:51:11] INFO E:\11_PROGRAMMING\Python\synergy\Django\PROJECT\Forum\api\serializers.py changed, reloading.
[2022.11.08 13:51:11] INFO E:\11_PROGRAMMING\Python\synergy\Django\PROJECT\Forum\api\serializers.py changed, reloading.
[2022.11.08 13:51:12] INFO Watching for file changes with StatReloader
[2022.11.08 13:51:12] INFO E:\11_PROGRAMMING\Python\synergy\Django\PROJECT\Forum\api\serializers.py changed, reloading.
[2022.11.08 13:51:12] INFO Watching for file changes with StatReloader
[2022.11.08 13:51:12] INFO Watching for file changes with StatReloader
[2022.11.08 13:51:39] INFO E:\11_PROGRAMMING\Python\synergy\Django\PROJECT\Forum\api\serializers.py changed, reloading.
[2022.11.08 13:51:39] INFO E:\11_PROGRAMMING\Python\synergy\Django\PROJECT\Forum\api\serializers.py changed, reloading.
[2022.11.08 13:51:39] INFO Watching for file changes with StatReloader
[2022.11.08 13:51:39] INFO E:\11_PROGRAMMING\Python\synergy\Django\PROJECT\Forum\api\serializers.py changed, reloading.
[2022.11.08 13:51:40] INFO Watching for file changes with StatReloader
[2022.11.08 13:51:40] INFO Watching for file changes with StatReloader
[2022.11.08 14:02:26] INFO E:\11_PROGRAMMING\Python\synergy\Django\PROJECT\Forum\forum_prj\settings.py changed, reloading.
[2022.11.08 14:02:26] INFO E:\11_PROGRAMMING\Python\synergy\Django\PROJECT\Forum\forum_prj\settings.py changed, reloading.
[2022.11.08 14:02:26] INFO E:\11_PROGRAMMING\Python\synergy\Django\PROJECT\Forum\forum_prj\settings.py changed, reloading.
[2022.11.08 14:02:26] INFO Watching for file changes with StatReloader
[2022.11.08 14:02:26] INFO Watching for file changes with StatReloader
[2022.11.08 14:02:26] INFO Watching for file changes with StatReloader
[2022.11.08 14:02:57] INFO E:\11_PROGRAMMING\Python\synergy\Django\PROJECT\Forum\forum_prj\settings.py changed, reloading.
[2022.11.08 14:02:57] INFO E:\11_PROGRAMMING\Python\synergy\Django\PROJECT\Forum\forum_prj\settings.py changed, reloading.
[2022.11.08 14:02:57] INFO E:\11_PROGRAMMING\Python\synergy\Django\PROJECT\Forum\forum_prj\settings.py changed, reloading.
[2022.11.08 14:02:57] INFO Watching for file changes with StatReloader
[2022.11.08 14:02:57] INFO Watching for file changes with StatReloader
[2022.11.08 14:02:57] INFO Watching for file changes with StatReloader
[2022.11.08 14:06:17] INFO E:\11_PROGRAMMING\Python\synergy\Django\PROJECT\Forum\api\serializers.py changed, reloading.
[2022.11.08 14:06:17] INFO E:\11_PROGRAMMING\Python\synergy\Django\PROJECT\Forum\api\serializers.py changed, reloading.
[2022.11.08 14:06:17] INFO E:\11_PROGRAMMING\Python\synergy\Django\PROJECT\Forum\api\serializers.py changed, reloading.
[2022.11.08 14:06:17] INFO Watching for file changes with StatReloader
[2022.11.08 14:06:17] INFO Watching for file changes with StatReloader
[2022.11.08 14:06:17] INFO Watching for file changes with StatReloader
[2022.11.08 14:16:47] INFO E:\11_PROGRAMMING\Python\synergy\Django\PROJECT\Forum\api\serializers.py changed, reloading.
[2022.11.08 14:16:48] INFO Watching for file changes with StatReloader
[2022.11.08 14:16:48] INFO E:\11_PROGRAMMING\Python\synergy\Django\PROJECT\Forum\api\serializers.py changed, reloading.
[2022.11.08 14:16:48] INFO E:\11_PROGRAMMING\Python\synergy\Django\PROJECT\Forum\api\serializers.py changed, reloading.
[2022.11.08 14:16:49] INFO Watching for file changes with StatReloader
[2022.11.08 14:16:49] INFO Watching for file changes with StatReloader
[2022.11.08 14:24:38] INFO E:\11_PROGRAMMING\Python\synergy\Django\PROJECT\Forum\api\serializers.py changed, reloading.
[2022.11.08 14:24:38] INFO Watching for file changes with StatReloader
[2022.11.08 14:24:39] INFO E:\11_PROGRAMMING\Python\synergy\Django\PROJECT\Forum\api\serializers.py changed, reloading.
[2022.11.08 14:24:39] INFO E:\11_PROGRAMMING\Python\synergy\Django\PROJECT\Forum\api\serializers.py changed, reloading.
[2022.11.08 14:24:39] INFO Watching for file changes with StatReloader
[2022.11.08 14:24:39] INFO Watching for file changes with StatReloader
[2022.11.08 15:41:36] INFO "GET /upload HTTP/1.1" 200 1864
[2022.11.08 15:41:42] ERROR Internal Server Error: /upload
Traceback (most recent call last):
  File "E:\11_PROGRAMMING\Python\synergy\Django\PROJECT\Forum\venv\lib\site-packages\django\utils\datastructures.py", line 84, in __getitem__
    list_ = super().__getitem__(key)
KeyError: 'file'

During handling of the above exception, another exception occurred:

Traceback (most recent call last):
  File "E:\11_PROGRAMMING\Python\synergy\Django\PROJECT\Forum\venv\lib\site-packages\django\core\handlers\exception.py", line 55, in inner
    response = get_response(request)
  File "E:\11_PROGRAMMING\Python\synergy\Django\PROJECT\Forum\venv\lib\site-packages\django\core\handlers\base.py", line 197, in _get_response
    response = wrapped_callback(request, *callback_args, **callback_kwargs)
  File "E:\11_PROGRAMMING\Python\synergy\Django\PROJECT\Forum\service\views.py", line 112, in upload
    uploaded_file = req.FILES['file']
  File "E:\11_PROGRAMMING\Python\synergy\Django\PROJECT\Forum\venv\lib\site-packages\django\utils\datastructures.py", line 86, in __getitem__
    raise MultiValueDictKeyError(key)
django.utils.datastructures.MultiValueDictKeyError: 'file'
[2022.11.08 15:41:42] ERROR "POST /upload HTTP/1.1" 500 79469
[2022.11.08 15:41:55] INFO "POST /upload HTTP/1.1" 200 1977
[2022.11.08 15:42:12] INFO "GET / HTTP/1.1" 200 16098
[2022.11.08 15:42:19] INFO "GET /create_post HTTP/1.1" 200 2304
[2022.11.08 15:42:58] INFO "POST /create_post HTTP/1.1" 302 0
[2022.11.08 15:42:58] INFO "GET / HTTP/1.1" 200 16776
[2022.11.08 15:43:12] INFO "GET /logout/ HTTP/1.1" 200 1678
[2022.11.08 15:43:23] INFO "GET /register HTTP/1.1" 200 3718
[2022.11.08 15:44:22] INFO "POST /register HTTP/1.1" 302 0
[2022.11.08 15:44:22] INFO "GET /login/ HTTP/1.1" 200 2766
[2022.11.08 15:44:36] INFO "GET / HTTP/1.1" 200 9888
[2022.11.08 15:44:50] INFO "GET /login/ HTTP/1.1" 200 2616
[2022.11.08 15:45:08] INFO "POST /login/ HTTP/1.1" 302 0
[2022.11.08 15:45:08] INFO "GET / HTTP/1.1" 200 16585
[2022.11.08 15:45:18] INFO "GET /update_post/39 HTTP/1.1" 200 2301
[2022.11.08 15:45:41] INFO "POST /update_post/39 HTTP/1.1" 302 0
[2022.11.08 15:45:41] INFO "GET / HTTP/1.1" 200 16588
[2022.11.08 15:45:50] INFO "GET /delete_post/38 HTTP/1.1" 200 1842
[2022.11.08 15:46:00] INFO "POST /delete_post/38 HTTP/1.1" 302 0
[2022.11.08 15:46:00] INFO "GET / HTTP/1.1" 200 16084
[2022.11.08 15:46:09] INFO "GET /delete_post/39 HTTP/1.1" 200 1837
[2022.11.08 15:46:11] INFO "POST /delete_post/39 HTTP/1.1" 302 0
[2022.11.08 15:46:11] INFO "GET / HTTP/1.1" 200 15594
[2022.11.08 15:46:24] INFO "GET /api/ HTTP/1.1" 200 5340
[2022.11.08 15:46:24] INFO "GET /static/rest_framework/css/bootstrap.min.css HTTP/1.1" 304 0
[2022.11.08 15:46:24] INFO "GET /static/rest_framework/css/bootstrap-tweaks.css HTTP/1.1" 304 0
[2022.11.08 15:46:24] INFO "GET /static/rest_framework/js/ajax-form.js HTTP/1.1" 304 0
[2022.11.08 15:46:24] INFO "GET /static/rest_framework/css/prettify.css HTTP/1.1" 304 0
[2022.11.08 15:46:24] INFO "GET /static/rest_framework/css/default.css HTTP/1.1" 304 0
[2022.11.08 15:46:24] INFO "GET /static/rest_framework/js/jquery-3.5.1.min.js HTTP/1.1" 304 0
[2022.11.08 15:46:24] INFO "GET /static/rest_framework/js/bootstrap.min.js HTTP/1.1" 304 0
[2022.11.08 15:46:24] INFO "GET /static/rest_framework/js/csrf.js HTTP/1.1" 304 0
[2022.11.08 15:46:24] INFO "GET /static/rest_framework/js/prettify-min.js HTTP/1.1" 304 0
[2022.11.08 15:46:24] INFO "GET /static/rest_framework/js/default.js HTTP/1.1" 304 0
[2022.11.08 15:46:24] INFO "GET /static/rest_framework/img/grid.png HTTP/1.1" 304 0
